[0.643s] Invoking command in '/home/davide-pillon/BFMC/luxonis_ws/src/camera_preprocessing': DEBUGINFOD_URLS=https://debuginfod.ubuntu.com PYTHONPATH=/home/davide-pillon/BFMC/luxonis_ws/build/camera_preprocessing/prefix_override:/usr/lib/python3/dist-packages/colcon_core/task/python/colcon_distutils_commands:/home/davide-pillon/BFMC/luxonis_ws/install/camera_preprocessing/lib/python3.12/site-packages:${PYTHONPATH} /usr/bin/python3 -W ignore:setup.py install is deprecated -W ignore:easy_install command is deprecated setup.py egg_info --egg-base ../../build/camera_preprocessing build --build-base /home/davide-pillon/BFMC/luxonis_ws/build/camera_preprocessing/build install --record /home/davide-pillon/BFMC/luxonis_ws/build/camera_preprocessing/install.log --single-version-externally-managed install_data
[0.854s] running egg_info
[0.870s] writing ../../build/camera_preprocessing/camera_preprocessing.egg-info/PKG-INFO
[0.870s] writing dependency_links to ../../build/camera_preprocessing/camera_preprocessing.egg-info/dependency_links.txt
[0.870s] writing entry points to ../../build/camera_preprocessing/camera_preprocessing.egg-info/entry_points.txt
[0.870s] writing requirements to ../../build/camera_preprocessing/camera_preprocessing.egg-info/requires.txt
[0.870s] writing top-level names to ../../build/camera_preprocessing/camera_preprocessing.egg-info/top_level.txt
[0.901s] reading manifest file '../../build/camera_preprocessing/camera_preprocessing.egg-info/SOURCES.txt'
[0.902s] writing manifest file '../../build/camera_preprocessing/camera_preprocessing.egg-info/SOURCES.txt'
[0.902s] running build
[0.902s] running build_py
[0.902s] copying camera_preprocessing/luxonis_preprocessing.py -> /home/davide-pillon/BFMC/luxonis_ws/build/camera_preprocessing/build/lib/camera_preprocessing
[0.902s] running install
[0.908s] running install_lib
[0.924s] copying /home/davide-pillon/BFMC/luxonis_ws/build/camera_preprocessing/build/lib/camera_preprocessing/luxonis_preprocessing.py -> /home/davide-pillon/BFMC/luxonis_ws/install/camera_preprocessing/lib/python3.12/site-packages/camera_preprocessing
[0.924s] byte-compiling /home/davide-pillon/BFMC/luxonis_ws/install/camera_preprocessing/lib/python3.12/site-packages/camera_preprocessing/luxonis_preprocessing.py to luxonis_preprocessing.cpython-312.pyc
[0.926s] running install_data
[0.926s] copying camera_preprocessing/lane_keeper_small.onnx -> /home/davide-pillon/BFMC/luxonis_ws/install/camera_preprocessing/lib/python3.12/site-packages/camera_preprocessing
[0.926s] running install_egg_info
[0.943s] removing '/home/davide-pillon/BFMC/luxonis_ws/install/camera_preprocessing/lib/python3.12/site-packages/camera_preprocessing-0.0.0-py3.12.egg-info' (and everything under it)
[0.943s] Copying ../../build/camera_preprocessing/camera_preprocessing.egg-info to /home/davide-pillon/BFMC/luxonis_ws/install/camera_preprocessing/lib/python3.12/site-packages/camera_preprocessing-0.0.0-py3.12.egg-info
[0.944s] running install_scripts
[1.049s] Installing lane_inference_node script to /home/davide-pillon/BFMC/luxonis_ws/install/camera_preprocessing/lib/camera_preprocessing
[1.049s] writing list of installed files to '/home/davide-pillon/BFMC/luxonis_ws/build/camera_preprocessing/install.log'
[1.070s] Invoked command in '/home/davide-pillon/BFMC/luxonis_ws/src/camera_preprocessing' returned '0': DEBUGINFOD_URLS=https://debuginfod.ubuntu.com PYTHONPATH=/home/davide-pillon/BFMC/luxonis_ws/build/camera_preprocessing/prefix_override:/usr/lib/python3/dist-packages/colcon_core/task/python/colcon_distutils_commands:/home/davide-pillon/BFMC/luxonis_ws/install/camera_preprocessing/lib/python3.12/site-packages:${PYTHONPATH} /usr/bin/python3 -W ignore:setup.py install is deprecated -W ignore:easy_install command is deprecated setup.py egg_info --egg-base ../../build/camera_preprocessing build --build-base /home/davide-pillon/BFMC/luxonis_ws/build/camera_preprocessing/build install --record /home/davide-pillon/BFMC/luxonis_ws/build/camera_preprocessing/install.log --single-version-externally-managed install_data
