[0.629s] Invoking command in '/home/davide-pillon/BFMC/luxonis_ws/src/camera_preprocessing': DEBUGINFOD_URLS=https://debuginfod.ubuntu.com PYTHONPATH=/home/davide-pillon/BFMC/luxonis_ws/build/camera_preprocessing/prefix_override:/usr/lib/python3/dist-packages/colcon_core/task/python/colcon_distutils_commands:/home/davide-pillon/BFMC/luxonis_ws/install/camera_preprocessing/lib/python3.12/site-packages:${PYTHONPATH} /usr/bin/python3 -W ignore:setup.py install is deprecated -W ignore:easy_install command is deprecated setup.py egg_info --egg-base ../../build/camera_preprocessing build --build-base /home/davide-pillon/BFMC/luxonis_ws/build/camera_preprocessing/build install --record /home/davide-pillon/BFMC/luxonis_ws/build/camera_preprocessing/install.log --single-version-externally-managed install_data
[0.836s] running egg_info
[0.851s] writing ../../build/camera_preprocessing/camera_preprocessing.egg-info/PKG-INFO
[0.851s] writing dependency_links to ../../build/camera_preprocessing/camera_preprocessing.egg-info/dependency_links.txt
[0.851s] writing entry points to ../../build/camera_preprocessing/camera_preprocessing.egg-info/entry_points.txt
[0.851s] writing requirements to ../../build/camera_preprocessing/camera_preprocessing.egg-info/requires.txt
[0.851s] writing top-level names to ../../build/camera_preprocessing/camera_preprocessing.egg-info/top_level.txt
[0.886s] reading manifest file '../../build/camera_preprocessing/camera_preprocessing.egg-info/SOURCES.txt'
[0.886s] writing manifest file '../../build/camera_preprocessing/camera_preprocessing.egg-info/SOURCES.txt'
[0.886s] running build
[0.886s] running build_py
[0.887s] running install
[0.892s] running install_lib
[0.909s] running install_data
[0.909s] running install_egg_info
[0.926s] removing '/home/davide-pillon/BFMC/luxonis_ws/install/camera_preprocessing/lib/python3.12/site-packages/camera_preprocessing-0.0.0-py3.12.egg-info' (and everything under it)
[0.926s] Copying ../../build/camera_preprocessing/camera_preprocessing.egg-info to /home/davide-pillon/BFMC/luxonis_ws/install/camera_preprocessing/lib/python3.12/site-packages/camera_preprocessing-0.0.0-py3.12.egg-info
[0.926s] running install_scripts
[1.029s] Installing lane_inference_node script to /home/davide-pillon/BFMC/luxonis_ws/install/camera_preprocessing/lib/camera_preprocessing
[1.030s] writing list of installed files to '/home/davide-pillon/BFMC/luxonis_ws/build/camera_preprocessing/install.log'
[1.051s] Invoked command in '/home/davide-pillon/BFMC/luxonis_ws/src/camera_preprocessing' returned '0': DEBUGINFOD_URLS=https://debuginfod.ubuntu.com PYTHONPATH=/home/davide-pillon/BFMC/luxonis_ws/build/camera_preprocessing/prefix_override:/usr/lib/python3/dist-packages/colcon_core/task/python/colcon_distutils_commands:/home/davide-pillon/BFMC/luxonis_ws/install/camera_preprocessing/lib/python3.12/site-packages:${PYTHONPATH} /usr/bin/python3 -W ignore:setup.py install is deprecated -W ignore:easy_install command is deprecated setup.py egg_info --egg-base ../../build/camera_preprocessing build --build-base /home/davide-pillon/BFMC/luxonis_ws/build/camera_preprocessing/build install --record /home/davide-pillon/BFMC/luxonis_ws/build/camera_preprocessing/install.log --single-version-externally-managed install_data
