[1.858s] Invoking command in '/home/davide-pillon/BFMC/luxonis_ws/src/camera_preprocessing': DEBUGINFOD_URLS=https://debuginfod.ubuntu.com PS1=(venv) \[\e]0;\u@\h: \w\a\]${debian_chroot:+($debian_chroot)}\[\033[01;32m\]\u@\h\[\033[00m\]:\[\033[01;34m\]\w\[\033[00m\]\$ PYTHONPATH=/home/davide-pillon/BFMC/luxonis_ws/build/camera_preprocessing/prefix_override:/usr/lib/python3/dist-packages/colcon_core/task/python/colcon_distutils_commands:/home/davide-pillon/BFMC/luxonis_ws/install/camera_preprocessing/lib/python3.12/site-packages:${PYTHONPATH} VIRTUAL_ENV_PROMPT=(venv) /usr/bin/python3 -W ignore:setup.py install is deprecated -W ignore:easy_install command is deprecated setup.py egg_info --egg-base ../../build/camera_preprocessing build --build-base /home/davide-pillon/BFMC/luxonis_ws/build/camera_preprocessing/build install --record /home/davide-pillon/BFMC/luxonis_ws/build/camera_preprocessing/install.log --single-version-externally-managed install_data
[2.497s] running egg_info
[2.545s] writing ../../build/camera_preprocessing/camera_preprocessing.egg-info/PKG-INFO
[2.545s] writing dependency_links to ../../build/camera_preprocessing/camera_preprocessing.egg-info/dependency_links.txt
[2.546s] writing entry points to ../../build/camera_preprocessing/camera_preprocessing.egg-info/entry_points.txt
[2.546s] writing requirements to ../../build/camera_preprocessing/camera_preprocessing.egg-info/requires.txt
[2.546s] writing top-level names to ../../build/camera_preprocessing/camera_preprocessing.egg-info/top_level.txt
[2.643s] reading manifest file '../../build/camera_preprocessing/camera_preprocessing.egg-info/SOURCES.txt'
[2.644s] writing manifest file '../../build/camera_preprocessing/camera_preprocessing.egg-info/SOURCES.txt'
[2.645s] running build
[2.645s] running build_py
[2.645s] copying camera_preprocessing/luxonis_preprocessing.py -> /home/davide-pillon/BFMC/luxonis_ws/build/camera_preprocessing/build/lib/camera_preprocessing
[2.645s] running install
[2.661s] running install_lib
[2.709s] copying /home/davide-pillon/BFMC/luxonis_ws/build/camera_preprocessing/build/lib/camera_preprocessing/luxonis_preprocessing.py -> /home/davide-pillon/BFMC/luxonis_ws/install/camera_preprocessing/lib/python3.12/site-packages/camera_preprocessing
[2.710s] byte-compiling /home/davide-pillon/BFMC/luxonis_ws/install/camera_preprocessing/lib/python3.12/site-packages/camera_preprocessing/luxonis_preprocessing.py to luxonis_preprocessing.cpython-312.pyc
[2.716s] running install_data
[2.716s] running install_egg_info
[2.768s] removing '/home/davide-pillon/BFMC/luxonis_ws/install/camera_preprocessing/lib/python3.12/site-packages/camera_preprocessing-0.0.0-py3.12.egg-info' (and everything under it)
[2.768s] Copying ../../build/camera_preprocessing/camera_preprocessing.egg-info to /home/davide-pillon/BFMC/luxonis_ws/install/camera_preprocessing/lib/python3.12/site-packages/camera_preprocessing-0.0.0-py3.12.egg-info
[2.770s] running install_scripts
[3.081s] Installing lane_inference_node script to /home/davide-pillon/BFMC/luxonis_ws/install/camera_preprocessing/lib/camera_preprocessing
[3.081s] writing list of installed files to '/home/davide-pillon/BFMC/luxonis_ws/build/camera_preprocessing/install.log'
[3.144s] Invoked command in '/home/davide-pillon/BFMC/luxonis_ws/src/camera_preprocessing' returned '0': DEBUGINFOD_URLS=https://debuginfod.ubuntu.com PS1=(venv) \[\e]0;\u@\h: \w\a\]${debian_chroot:+($debian_chroot)}\[\033[01;32m\]\u@\h\[\033[00m\]:\[\033[01;34m\]\w\[\033[00m\]\$ PYTHONPATH=/home/davide-pillon/BFMC/luxonis_ws/build/camera_preprocessing/prefix_override:/usr/lib/python3/dist-packages/colcon_core/task/python/colcon_distutils_commands:/home/davide-pillon/BFMC/luxonis_ws/install/camera_preprocessing/lib/python3.12/site-packages:${PYTHONPATH} VIRTUAL_ENV_PROMPT=(venv) /usr/bin/python3 -W ignore:setup.py install is deprecated -W ignore:easy_install command is deprecated setup.py egg_info --egg-base ../../build/camera_preprocessing build --build-base /home/davide-pillon/BFMC/luxonis_ws/build/camera_preprocessing/build install --record /home/davide-pillon/BFMC/luxonis_ws/build/camera_preprocessing/install.log --single-version-externally-managed install_data
